Started GET "/" for ::1 at 2022-02-15 17:53:01 +1100
  
ActiveRecord::NoDatabaseError (We could not find your database: linkdNFT_development. Which can be found in the database configuration file located at config/database.yml.

To resolve this issue:

- Did you create the database for this app, or delete it? You may need to create your database.
- Has the database name changed? Check your database.yml config has the correct database name.

To create your database, run:

        bin/rails db:create
):
  
activerecord (7.0.2.2) lib/active_record/connection_adapters/postgresql_adapter.rb:81:in `rescue in new_client'
activerecord (7.0.2.2) lib/active_record/connection_adapters/postgresql_adapter.rb:77:in `new_client'
activerecord (7.0.2.2) lib/active_record/connection_adapters/postgresql_adapter.rb:37:in `postgresql_connection'
activerecord (7.0.2.2) lib/active_record/connection_adapters/abstract/connection_pool.rb:656:in `public_send'
activerecord (7.0.2.2) lib/active_record/connection_adapters/abstract/connection_pool.rb:656:in `new_connection'
activerecord (7.0.2.2) lib/active_record/connection_adapters/abstract/connection_pool.rb:700:in `checkout_new_connection'
activerecord (7.0.2.2) lib/active_record/connection_adapters/abstract/connection_pool.rb:679:in `try_to_checkout_new_connection'
activerecord (7.0.2.2) lib/active_record/connection_adapters/abstract/connection_pool.rb:640:in `acquire_connection'
activerecord (7.0.2.2) lib/active_record/connection_adapters/abstract/connection_pool.rb:341:in `checkout'
activerecord (7.0.2.2) lib/active_record/connection_adapters/abstract/connection_pool.rb:181:in `connection'
activerecord (7.0.2.2) lib/active_record/connection_adapters/abstract/connection_handler.rb:211:in `retrieve_connection'
activerecord (7.0.2.2) lib/active_record/connection_handling.rb:313:in `retrieve_connection'
activerecord (7.0.2.2) lib/active_record/connection_handling.rb:280:in `connection'
activerecord (7.0.2.2) lib/active_record/migration.rb:613:in `connection'
activerecord (7.0.2.2) lib/active_record/migration.rb:608:in `build_watcher'
activerecord (7.0.2.2) lib/active_record/migration.rb:590:in `block in call'
activerecord (7.0.2.2) lib/active_record/migration.rb:589:in `synchronize'
activerecord (7.0.2.2) lib/active_record/migration.rb:589:in `call'
actionpack (7.0.2.2) lib/action_dispatch/middleware/callbacks.rb:27:in `block in call'
activesupport (7.0.2.2) lib/active_support/callbacks.rb:99:in `run_callbacks'
actionpack (7.0.2.2) lib/action_dispatch/middleware/callbacks.rb:26:in `call'
actionpack (7.0.2.2) lib/action_dispatch/middleware/executor.rb:14:in `call'
actionpack (7.0.2.2) lib/action_dispatch/middleware/actionable_exceptions.rb:17:in `call'
actionpack (7.0.2.2) lib/action_dispatch/middleware/debug_exceptions.rb:28:in `call'
web-console (4.2.0) lib/web_console/middleware.rb:132:in `call_app'
web-console (4.2.0) lib/web_console/middleware.rb:28:in `block in call'
web-console (4.2.0) lib/web_console/middleware.rb:17:in `catch'
web-console (4.2.0) lib/web_console/middleware.rb:17:in `call'
actionpack (7.0.2.2) lib/action_dispatch/middleware/show_exceptions.rb:26:in `call'
railties (7.0.2.2) lib/rails/rack/logger.rb:36:in `call_app'
railties (7.0.2.2) lib/rails/rack/logger.rb:25:in `block in call'
activesupport (7.0.2.2) lib/active_support/tagged_logging.rb:99:in `block in tagged'
activesupport (7.0.2.2) lib/active_support/tagged_logging.rb:37:in `tagged'
activesupport (7.0.2.2) lib/active_support/tagged_logging.rb:99:in `tagged'
railties (7.0.2.2) lib/rails/rack/logger.rb:25:in `call'
sprockets-rails (3.4.2) lib/sprockets/rails/quiet_assets.rb:13:in `call'
actionpack (7.0.2.2) lib/action_dispatch/middleware/remote_ip.rb:93:in `call'
actionpack (7.0.2.2) lib/action_dispatch/middleware/request_id.rb:26:in `call'
rack (2.2.3) lib/rack/method_override.rb:24:in `call'
rack (2.2.3) lib/rack/runtime.rb:22:in `call'
activesupport (7.0.2.2) lib/active_support/cache/strategy/local_cache_middleware.rb:29:in `call'
actionpack (7.0.2.2) lib/action_dispatch/middleware/server_timing.rb:20:in `call'
actionpack (7.0.2.2) lib/action_dispatch/middleware/executor.rb:14:in `call'
actionpack (7.0.2.2) lib/action_dispatch/middleware/static.rb:23:in `call'
rack (2.2.3) lib/rack/sendfile.rb:110:in `call'
actionpack (7.0.2.2) lib/action_dispatch/middleware/host_authorization.rb:137:in `call'
railties (7.0.2.2) lib/rails/engine.rb:530:in `call'
puma (5.6.2) lib/puma/configuration.rb:252:in `call'
puma (5.6.2) lib/puma/request.rb:77:in `block in handle_request'
puma (5.6.2) lib/puma/thread_pool.rb:340:in `with_force_shutdown'
puma (5.6.2) lib/puma/request.rb:76:in `handle_request'
puma (5.6.2) lib/puma/server.rb:441:in `process_client'
puma (5.6.2) lib/puma/thread_pool.rb:147:in `block in spawn_thread'
Started POST "/rails/actions" for ::1 at 2022-02-15 17:53:03 +1100
  [1m[35m (214.4ms)[0m  [1m[35mCREATE DATABASE "linkdNFT_development" ENCODING = 'unicode'[0m
  [1m[35m (40.5ms)[0m  [1m[35mCREATE DATABASE "linkdNFT_test" ENCODING = 'unicode'[0m
Started GET "/" for ::1 at 2022-02-15 17:53:04 +1100
Processing by Rails::WelcomeController#index as HTML
  Rendering /Users/josh/.asdf/installs/ruby/3.0.3/lib/ruby/gems/3.0.0/gems/railties-7.0.2.2/lib/rails/templates/rails/welcome/index.html.erb
  Rendered /Users/josh/.asdf/installs/ruby/3.0.3/lib/ruby/gems/3.0.0/gems/railties-7.0.2.2/lib/rails/templates/rails/welcome/index.html.erb (Duration: 0.6ms | Allocations: 422)
Completed 200 OK in 5ms (Views: 1.1ms | ActiveRecord: 0.0ms | Allocations: 4513)


Started GET "/" for ::1 at 2022-02-15 17:53:33 +1100
Processing by Rails::WelcomeController#index as HTML
  Rendering /Users/josh/.asdf/installs/ruby/3.0.3/lib/ruby/gems/3.0.0/gems/railties-7.0.2.2/lib/rails/templates/rails/welcome/index.html.erb
  Rendered /Users/josh/.asdf/installs/ruby/3.0.3/lib/ruby/gems/3.0.0/gems/railties-7.0.2.2/lib/rails/templates/rails/welcome/index.html.erb (Duration: 1.9ms | Allocations: 409)
Completed 200 OK in 7ms (Views: 4.5ms | ActiveRecord: 0.0ms | Allocations: 1421)


Started GET "/" for ::1 at 2022-02-15 17:53:34 +1100
Processing by Rails::WelcomeController#index as HTML
  Rendering /Users/josh/.asdf/installs/ruby/3.0.3/lib/ruby/gems/3.0.0/gems/railties-7.0.2.2/lib/rails/templates/rails/welcome/index.html.erb
  Rendered /Users/josh/.asdf/installs/ruby/3.0.3/lib/ruby/gems/3.0.0/gems/railties-7.0.2.2/lib/rails/templates/rails/welcome/index.html.erb (Duration: 0.2ms | Allocations: 24)
Completed 200 OK in 3ms (Views: 2.0ms | ActiveRecord: 0.0ms | Allocations: 325)


Started GET "/" for ::1 at 2022-02-15 17:53:35 +1100
Processing by Rails::WelcomeController#index as HTML
  Rendering /Users/josh/.asdf/installs/ruby/3.0.3/lib/ruby/gems/3.0.0/gems/railties-7.0.2.2/lib/rails/templates/rails/welcome/index.html.erb
  Rendered /Users/josh/.asdf/installs/ruby/3.0.3/lib/ruby/gems/3.0.0/gems/railties-7.0.2.2/lib/rails/templates/rails/welcome/index.html.erb (Duration: 0.1ms | Allocations: 23)
Completed 200 OK in 1ms (Views: 0.5ms | ActiveRecord: 0.0ms | Allocations: 294)


Started GET "/" for ::1 at 2022-02-15 17:54:38 +1100
Processing by Rails::WelcomeController#index as HTML
  Rendering /Users/josh/.asdf/installs/ruby/3.0.3/lib/ruby/gems/3.0.0/gems/railties-7.0.2.2/lib/rails/templates/rails/welcome/index.html.erb
  Rendered /Users/josh/.asdf/installs/ruby/3.0.3/lib/ruby/gems/3.0.0/gems/railties-7.0.2.2/lib/rails/templates/rails/welcome/index.html.erb (Duration: 0.6ms | Allocations: 733)
Completed 200 OK in 6ms (Views: 2.0ms | ActiveRecord: 0.0ms | Allocations: 6421)


Started GET "/" for ::1 at 2022-02-15 17:56:25 +1100
  [1m[35m (35.3ms)[0m  [1m[35mCREATE TABLE "schema_migrations" ("version" character varying NOT NULL PRIMARY KEY)[0m
  [1m[35m (10.2ms)[0m  [1m[35mCREATE TABLE "ar_internal_metadata" ("key" character varying NOT NULL PRIMARY KEY, "value" character varying, "created_at" timestamp(6) NOT NULL, "updated_at" timestamp(6) NOT NULL)[0m
  [1m[36mActiveRecord::SchemaMigration Pluck (2.6ms)[0m  [1m[34mSELECT "schema_migrations"."version" FROM "schema_migrations" ORDER BY "schema_migrations"."version" ASC[0m
  
ActiveRecord::PendingMigrationError (

Migrations are pending. To resolve this issue, run:

        bin/rails db:migrate RAILS_ENV=development

You have 1 pending migration:

20220215065529_create_indices.rb


):
  
activerecord (7.0.2.2) lib/active_record/migration.rb:627:in `check_pending!'
activerecord (7.0.2.2) lib/active_record/migration.rb:592:in `block (2 levels) in call'
activesupport (7.0.2.2) lib/active_support/file_update_checker.rb:83:in `execute'
activerecord (7.0.2.2) lib/active_record/migration.rb:597:in `block in call'
activerecord (7.0.2.2) lib/active_record/migration.rb:589:in `synchronize'
activerecord (7.0.2.2) lib/active_record/migration.rb:589:in `call'
actionpack (7.0.2.2) lib/action_dispatch/middleware/callbacks.rb:27:in `block in call'
activesupport (7.0.2.2) lib/active_support/callbacks.rb:99:in `run_callbacks'
actionpack (7.0.2.2) lib/action_dispatch/middleware/callbacks.rb:26:in `call'
actionpack (7.0.2.2) lib/action_dispatch/middleware/executor.rb:14:in `call'
actionpack (7.0.2.2) lib/action_dispatch/middleware/actionable_exceptions.rb:17:in `call'
actionpack (7.0.2.2) lib/action_dispatch/middleware/debug_exceptions.rb:28:in `call'
web-console (4.2.0) lib/web_console/middleware.rb:132:in `call_app'
web-console (4.2.0) lib/web_console/middleware.rb:28:in `block in call'
web-console (4.2.0) lib/web_console/middleware.rb:17:in `catch'
web-console (4.2.0) lib/web_console/middleware.rb:17:in `call'
actionpack (7.0.2.2) lib/action_dispatch/middleware/show_exceptions.rb:26:in `call'
railties (7.0.2.2) lib/rails/rack/logger.rb:36:in `call_app'
railties (7.0.2.2) lib/rails/rack/logger.rb:25:in `block in call'
activesupport (7.0.2.2) lib/active_support/tagged_logging.rb:99:in `block in tagged'
activesupport (7.0.2.2) lib/active_support/tagged_logging.rb:37:in `tagged'
activesupport (7.0.2.2) lib/active_support/tagged_logging.rb:99:in `tagged'
railties (7.0.2.2) lib/rails/rack/logger.rb:25:in `call'
sprockets-rails (3.4.2) lib/sprockets/rails/quiet_assets.rb:13:in `call'
actionpack (7.0.2.2) lib/action_dispatch/middleware/remote_ip.rb:93:in `call'
actionpack (7.0.2.2) lib/action_dispatch/middleware/request_id.rb:26:in `call'
rack (2.2.3) lib/rack/method_override.rb:24:in `call'
rack (2.2.3) lib/rack/runtime.rb:22:in `call'
activesupport (7.0.2.2) lib/active_support/cache/strategy/local_cache_middleware.rb:29:in `call'
actionpack (7.0.2.2) lib/action_dispatch/middleware/server_timing.rb:20:in `call'
actionpack (7.0.2.2) lib/action_dispatch/middleware/executor.rb:14:in `call'
actionpack (7.0.2.2) lib/action_dispatch/middleware/static.rb:23:in `call'
rack (2.2.3) lib/rack/sendfile.rb:110:in `call'
actionpack (7.0.2.2) lib/action_dispatch/middleware/host_authorization.rb:137:in `call'
railties (7.0.2.2) lib/rails/engine.rb:530:in `call'
puma (5.6.2) lib/puma/configuration.rb:252:in `call'
puma (5.6.2) lib/puma/request.rb:77:in `block in handle_request'
puma (5.6.2) lib/puma/thread_pool.rb:340:in `with_force_shutdown'
puma (5.6.2) lib/puma/request.rb:76:in `handle_request'
puma (5.6.2) lib/puma/server.rb:441:in `process_client'
puma (5.6.2) lib/puma/thread_pool.rb:147:in `block in spawn_thread'
Started POST "/rails/actions" for ::1 at 2022-02-15 17:56:26 +1100
  [1m[35m (1.1ms)[0m  [1m[34mSELECT pg_try_advisory_lock(1160563456764420660)[0m
  [1m[36mActiveRecord::SchemaMigration Pluck (0.5ms)[0m  [1m[34mSELECT "schema_migrations"."version" FROM "schema_migrations" ORDER BY "schema_migrations"."version" ASC[0m
Migrating to CreateIndices (20220215065529)
  [1m[36mTRANSACTION (0.2ms)[0m  [1m[35mBEGIN[0m
  [1m[35m (10.7ms)[0m  [1m[35mCREATE TABLE "indices" ("id" bigserial primary key, "created_at" timestamp(6) NOT NULL, "updated_at" timestamp(6) NOT NULL)[0m
  [1m[36mActiveRecord::SchemaMigration Create (24.2ms)[0m  [1m[32mINSERT INTO "schema_migrations" ("version") VALUES ($1) RETURNING "version"[0m  [["version", "20220215065529"]]
  [1m[36mTRANSACTION (0.6ms)[0m  [1m[35mCOMMIT[0m
  [1m[36mActiveRecord::InternalMetadata Load (0.9ms)[0m  [1m[34mSELECT "ar_internal_metadata".* FROM "ar_internal_metadata" WHERE "ar_internal_metadata"."key" = $1 LIMIT $2[0m  [["key", "environment"], ["LIMIT", 1]]
  [1m[36mTRANSACTION (0.2ms)[0m  [1m[35mBEGIN[0m
  [1m[36mActiveRecord::InternalMetadata Create (1.9ms)[0m  [1m[32mINSERT INTO "ar_internal_metadata" ("key", "value", "created_at", "updated_at") VALUES ($1, $2, $3, $4) RETURNING "key"[0m  [["key", "environment"], ["value", "development"], ["created_at", "2022-02-15 06:56:26.794577"], ["updated_at", "2022-02-15 06:56:26.794577"]]
  [1m[36mTRANSACTION (0.4ms)[0m  [1m[35mCOMMIT[0m
  [1m[35m (0.5ms)[0m  [1m[34mSELECT pg_advisory_unlock(1160563456764420660)[0m
  [1m[36mActiveRecord::SchemaMigration Pluck (0.3ms)[0m  [1m[34mSELECT "schema_migrations"."version" FROM "schema_migrations" ORDER BY "schema_migrations"."version" ASC[0m
Started GET "/" for ::1 at 2022-02-15 17:56:26 +1100
  [1m[36mActiveRecord::SchemaMigration Pluck (0.2ms)[0m  [1m[34mSELECT "schema_migrations"."version" FROM "schema_migrations" ORDER BY "schema_migrations"."version" ASC[0m
Processing by Rails::WelcomeController#index as HTML
  Rendering /Users/josh/.asdf/installs/ruby/3.0.3/lib/ruby/gems/3.0.0/gems/railties-7.0.2.2/lib/rails/templates/rails/welcome/index.html.erb
  Rendered /Users/josh/.asdf/installs/ruby/3.0.3/lib/ruby/gems/3.0.0/gems/railties-7.0.2.2/lib/rails/templates/rails/welcome/index.html.erb (Duration: 0.6ms | Allocations: 417)
Completed 200 OK in 5ms (Views: 1.1ms | ActiveRecord: 0.0ms | Allocations: 4096)


Started GET "/index" for ::1 at 2022-02-15 17:56:31 +1100
  
ActionController::RoutingError (No route matches [GET] "/index"):
  
Started GET "/indices" for ::1 at 2022-02-15 17:56:37 +1100
Processing by IndicesController#index as HTML
  Rendering layout layouts/application.html.erb
  Rendering indices/index.html.erb within layouts/application
  Rendered indices/index.html.erb within layouts/application (Duration: 1.4ms | Allocations: 373)
  Rendered layout layouts/application.html.erb (Duration: 1254.8ms | Allocations: 266097)
Completed 500 Internal Server Error in 1264ms (ActiveRecord: 0.0ms | Allocations: 268182)


  
ActionView::Template::Error (The asset "custom.csss.css" is not present in the asset pipeline.
):
    12:     <%= stylesheet_link_tag "iconsmind.css", "data-turbo-track": "reload" %>
    13:     <%= stylesheet_link_tag "bootstrap.css", "data-turbo-track": "reload" %>
    14:     <%= stylesheet_link_tag "theme.css", "data-turbo-track": "reload" %>
    15:     <%= stylesheet_link_tag "custom.csss", "data-turbo-track": "reload" %>
    16:     <%= javascript_importmap_tags %>
    17:   </head>
    18: 
  
app/views/layouts/application.html.erb:15
Started GET "/indices" for ::1 at 2022-02-15 17:56:46 +1100
Processing by IndicesController#index as HTML
  Rendering layout layouts/application.html.erb
  Rendering indices/index.html.erb within layouts/application
  Rendered indices/index.html.erb within layouts/application (Duration: 0.9ms | Allocations: 369)
  Rendered layout layouts/application.html.erb (Duration: 31.1ms | Allocations: 25748)
Completed 200 OK in 35ms (Views: 33.8ms | ActiveRecord: 0.0ms | Allocations: 26971)


Started GET "/img/landing-5.jpg" for ::1 at 2022-02-15 17:56:46 +1100
Started GET "/js/jquery-3.1.1.min.js" for ::1 at 2022-02-15 17:56:46 +1100
  
ActionController::RoutingError (No route matches [GET] "/img/landing-5.jpg"):
  
Started GET "/js/parallax.js" for ::1 at 2022-02-15 17:56:46 +1100
Started GET "/js/smooth-scroll.min.js" for ::1 at 2022-02-15 17:56:46 +1100
  
ActionController::RoutingError (No route matches [GET] "/js/jquery-3.1.1.min.js"):
  
  
ActionController::RoutingError (No route matches [GET] "/js/parallax.js"):
  
Started GET "/fonts/stack-interface.woff2?33839631" for ::1 at 2022-02-15 17:56:47 +1100
  
ActionController::RoutingError (No route matches [GET] "/js/smooth-scroll.min.js"):
  
Started GET "/fonts/socicon.ttf?a93r5t" for ::1 at 2022-02-15 17:56:47 +1100
  
ActionController::RoutingError (No route matches [GET] "/fonts/stack-interface.woff2"):
  
Started GET "/fonts/iconsmind.woff" for ::1 at 2022-02-15 17:56:47 +1100
  
ActionController::RoutingError (No route matches [GET] "/fonts/socicon.ttf"):
  
  
ActionController::RoutingError (No route matches [GET] "/fonts/iconsmind.woff"):
  
Started GET "/js/scripts.js" for ::1 at 2022-02-15 17:56:47 +1100
Started GET "/fonts/stack-interface.woff?33839631" for ::1 at 2022-02-15 17:56:47 +1100
  
ActionController::RoutingError (No route matches [GET] "/js/scripts.js"):
  
Started GET "/fonts/socicon.woff?a93r5t" for ::1 at 2022-02-15 17:56:47 +1100
  
ActionController::RoutingError (No route matches [GET] "/fonts/stack-interface.woff"):
  
Started GET "/fonts/iconsmind.ttf" for ::1 at 2022-02-15 17:56:47 +1100
  
ActionController::RoutingError (No route matches [GET] "/fonts/socicon.woff"):
  
  
ActionController::RoutingError (No route matches [GET] "/fonts/iconsmind.ttf"):
  
Started GET "/fonts/stack-interface.ttf?33839631" for ::1 at 2022-02-15 17:56:47 +1100
  
ActionController::RoutingError (No route matches [GET] "/fonts/stack-interface.ttf"):
  
Started GET "/js/parallax.js" for ::1 at 2022-02-15 17:56:47 +1100
  
ActionController::RoutingError (No route matches [GET] "/js/parallax.js"):
  
Started GET "/js/smooth-scroll.min.js" for ::1 at 2022-02-15 17:56:47 +1100
  
ActionController::RoutingError (No route matches [GET] "/js/smooth-scroll.min.js"):
  
Started GET "/js/scripts.js" for ::1 at 2022-02-15 17:56:47 +1100
  
ActionController::RoutingError (No route matches [GET] "/js/scripts.js"):
  
Started GET "/indices" for ::1 at 2022-02-15 17:58:45 +1100
Processing by IndicesController#index as HTML
  Rendering layout layouts/application.html.erb
  Rendering indices/index.html.erb within layouts/application
  Rendered indices/index.html.erb within layouts/application (Duration: 67.6ms | Allocations: 45140)
  Rendered layout layouts/application.html.erb (Duration: 75.8ms | Allocations: 55630)
Completed 200 OK in 80ms (Views: 78.8ms | ActiveRecord: 0.0ms | Allocations: 56836)


Started GET "/js/jquery-3.1.1.min.js" for ::1 at 2022-02-15 17:58:45 +1100
Started GET "/js/parallax.js" for ::1 at 2022-02-15 17:58:45 +1100
  
ActionController::RoutingError (No route matches [GET] "/js/jquery-3.1.1.min.js"):
  
Started GET "/js/smooth-scroll.min.js" for ::1 at 2022-02-15 17:58:45 +1100
  
ActionController::RoutingError (No route matches [GET] "/js/parallax.js"):
  
Started GET "/img/landing-5.jpg" for ::1 at 2022-02-15 17:58:45 +1100
Started GET "/js/scripts.js" for ::1 at 2022-02-15 17:58:45 +1100
  
ActionController::RoutingError (No route matches [GET] "/js/smooth-scroll.min.js"):
  
  
ActionController::RoutingError (No route matches [GET] "/img/landing-5.jpg"):
  
  
ActionController::RoutingError (No route matches [GET] "/js/scripts.js"):
  
Started GET "/fonts/stack-interface.woff2?33839631" for ::1 at 2022-02-15 17:58:45 +1100
Started GET "/fonts/socicon.ttf?a93r5t" for ::1 at 2022-02-15 17:58:45 +1100
  
ActionController::RoutingError (No route matches [GET] "/fonts/stack-interface.woff2"):
  
Started GET "/fonts/iconsmind.woff" for ::1 at 2022-02-15 17:58:45 +1100
  
ActionController::RoutingError (No route matches [GET] "/fonts/socicon.ttf"):
  
Started GET "/js/parallax.js" for ::1 at 2022-02-15 17:58:45 +1100
  
ActionController::RoutingError (No route matches [GET] "/fonts/iconsmind.woff"):
  
Started GET "/fonts/stack-interface.woff?33839631" for ::1 at 2022-02-15 17:58:45 +1100
  
ActionController::RoutingError (No route matches [GET] "/js/parallax.js"):
  
Started GET "/fonts/socicon.woff?a93r5t" for ::1 at 2022-02-15 17:58:45 +1100
  
ActionController::RoutingError (No route matches [GET] "/fonts/stack-interface.woff"):
  
Started GET "/fonts/iconsmind.ttf" for ::1 at 2022-02-15 17:58:45 +1100
  
ActionController::RoutingError (No route matches [GET] "/fonts/socicon.woff"):
  
Started GET "/js/smooth-scroll.min.js" for ::1 at 2022-02-15 17:58:45 +1100
  
ActionController::RoutingError (No route matches [GET] "/fonts/iconsmind.ttf"):
  
Started GET "/fonts/stack-interface.ttf?33839631" for ::1 at 2022-02-15 17:58:45 +1100
  
ActionController::RoutingError (No route matches [GET] "/js/smooth-scroll.min.js"):
  
  
ActionController::RoutingError (No route matches [GET] "/fonts/stack-interface.ttf"):
  
Started GET "/js/scripts.js" for ::1 at 2022-02-15 17:58:45 +1100
  
ActionController::RoutingError (No route matches [GET] "/js/scripts.js"):
  
Started GET "/indices" for ::1 at 2022-02-15 17:58:50 +1100
Processing by IndicesController#index as HTML
  Rendering layout layouts/application.html.erb
  Rendering indices/index.html.erb within layouts/application
  Rendered indices/index.html.erb within layouts/application (Duration: 3.5ms | Allocations: 1205)
  Rendered layout layouts/application.html.erb (Duration: 24.2ms | Allocations: 11720)
Completed 200 OK in 30ms (Views: 28.2ms | ActiveRecord: 0.0ms | Allocations: 12927)


Started GET "/img/landing-5.jpg" for ::1 at 2022-02-15 17:58:50 +1100
Started GET "/js/jquery-3.1.1.min.js" for ::1 at 2022-02-15 17:58:50 +1100
  
ActionController::RoutingError (No route matches [GET] "/img/landing-5.jpg"):
  
Started GET "/js/parallax.js" for ::1 at 2022-02-15 17:58:50 +1100
  
ActionController::RoutingError (No route matches [GET] "/js/jquery-3.1.1.min.js"):
  
Started GET "/js/smooth-scroll.min.js" for ::1 at 2022-02-15 17:58:50 +1100
  
ActionController::RoutingError (No route matches [GET] "/js/parallax.js"):
  
Started GET "/js/scripts.js" for ::1 at 2022-02-15 17:58:50 +1100
  
ActionController::RoutingError (No route matches [GET] "/js/smooth-scroll.min.js"):
  
  
ActionController::RoutingError (No route matches [GET] "/js/scripts.js"):
  
Started GET "/fonts/stack-interface.woff2?33839631" for ::1 at 2022-02-15 17:58:50 +1100
Started GET "/fonts/iconsmind.woff" for ::1 at 2022-02-15 17:58:50 +1100
  
ActionController::RoutingError (No route matches [GET] "/fonts/stack-interface.woff2"):
  
  
ActionController::RoutingError (No route matches [GET] "/fonts/iconsmind.woff"):
  
Started GET "/fonts/stack-interface.woff?33839631" for ::1 at 2022-02-15 17:58:50 +1100
Started GET "/fonts/iconsmind.ttf" for ::1 at 2022-02-15 17:58:50 +1100
  
ActionController::RoutingError (No route matches [GET] "/fonts/stack-interface.woff"):
  
  
ActionController::RoutingError (No route matches [GET] "/fonts/iconsmind.ttf"):
  
Started GET "/fonts/stack-interface.ttf?33839631" for ::1 at 2022-02-15 17:58:50 +1100
  
ActionController::RoutingError (No route matches [GET] "/fonts/stack-interface.ttf"):
  
Started GET "/fonts/socicon.ttf?a93r5t" for ::1 at 2022-02-15 17:58:50 +1100
  
ActionController::RoutingError (No route matches [GET] "/fonts/socicon.ttf"):
  
Started GET "/fonts/socicon.woff?a93r5t" for ::1 at 2022-02-15 17:58:50 +1100
  
ActionController::RoutingError (No route matches [GET] "/fonts/socicon.woff"):
  
Started GET "/indices" for ::1 at 2022-02-15 17:59:09 +1100
Processing by IndicesController#index as HTML
  Rendering layout layouts/application.html.erb
  Rendering indices/index.html.erb within layouts/application
  Rendered indices/index.html.erb within layouts/application (Duration: 2.0ms | Allocations: 1287)
  Rendered layout layouts/application.html.erb (Duration: 2.3ms | Allocations: 1376)
Completed 500 Internal Server Error in 7ms (ActiveRecord: 0.0ms | Allocations: 2547)


  
ActionView::SyntaxErrorInTemplate (Encountered a syntax error while rendering template: check <body data-smooth-scroll-offset="77">
    <div class="nav-container"> </div>
    <div class="main-container">
        <section class="switchable">
            <div class="container">
                <div class="row justify-content-between align-items-center">
                    <div class="col-md-6 col-lg-5">
                        <div class="switchable__text">
                            <h2>Create your LinkdNFT Today!</h2> <span><br></span>
                            <hr class="short">
                            <form>
                                <div class="row">
                                    <div class="col-12"> <input type="text" name="First Name" placeholder="Your Name"> </div>
                                    <div class="col-12"> <input type="email" name="Email Address" placeholder="Link to your LinkedIn Profile"> </div>
                                    <div class="col-12"> <input type="password" name="Password" placeholder="Email Address"> </div>
                                    <div class="col-12"> <input type="password" name="Password-confirm" placeholder="Profile Picture"> </div>
                                    <div class="col-12">
                                        <div class="input-checkbox"> <input type="checkbox" name="agree"> <label> </label> </div> <span>  </span> </div>
                                    <div class="col-12"> <button type="submit" class="btn btn--primary">Purchase</button> </div>
                                    <hr>
                                    <div class="col-12"> <span class="type--fine-print">By purchasing, you agree to the <a href="#">Terms of Service</a></span> </div>
                                </div>
                            </form>
                        </div>
                    </div>
                    <div class="col-md-6 col-lg-5"> <%= image_tag "landing-5.jpg" class:"border--round box-shadow-shallow" %> </div>
                </div>
            </div>
        </section>
        <section class="text-center space--sm">
            <div class="container">
                <div class="row">
                    <div class="col-md-4">
                        <a href="#" class="block">
                            <div class="feature boxed boxed--border border--round"> <i class="socicon-linkedin icon--lg"></i> <span class="h5 color--primary"><p>Convert your LinkedIn Profile to an NFT Today!</p></span> </div>
                        </a>
                    </div>
                    <div class="col-md-4">
                        <a href="#" class="block">
                            <div class="feature boxed boxed--border border--round"> <i class="stack-cog icon--lg"></i> <span class="h5 color--primary"><p>We will convert your profile and create you a wallet.&nbsp;</p></span> </div>
                        </a>
                    </div>
                    <div class="col-md-4">
                        <a href="#" class="block">
                            <div class="feature boxed boxed--border border--round"> <i class="icon--lg icon-Checked-User"></i> <span class="h5 color--primary"><p>Own your LinkedIn Identity today!&nbsp;</p></span> </div>
                        </a>
                    </div>
                </div>
            </div>
        </section>
        <section class="switchable">
            <div class="container">
                <div class="row justify-content-between">
                    <div class="col-md-6 col-lg-5">
                        <div class="switchable__text">
                            <div class="switchable__text">
                                <h2>Get your own personalised NFT Today!</h2>
                                <p class="lead">You can get your LinkedIn profile picture converted into an NFT. We will put a hold on the $30 as a pre-auth and once we have generated your NFT we will then request the funds.&nbsp;</p>
                            </div>
                        </div>
                    </div>
                    <div class="col-md-6 col-lg-4 col-12">
                        <div class="pricing pricing-1 boxed boxed--border boxed--lg text-center">
                            <h4>Turn your LinkedIn Profile to an NFT</h4> <span class="h1"><span class="pricing__dollar">$30 AUD</span></span>
                            <p> This will allow you to convert your current linked into profile into an NFT.&nbsp;</p> <span class="label">Value</span>
                            <a class="btn btn--primary" href="#purchase-template"> <span class="btn__text">
                        Purchase Now
                    </span> </a>
                        </div>
                    </div>
                </div>
            </div>
        </section>
        <section>
            <div class="container">
                <div class="row justify-content-center">
                    <div class="col-lg-8">
                        <div class="process-1">
                            <div class="process__item">
                                <h4>Submit LInkedIn Details</h4>
                                <p>To get started you will need to provide the details to your LinkedIn profile and make payment.&nbsp;</p>
                            </div>
                            <div class="process__item">
                                <h4>With 24 hours</h4>
                                <p> Within 24 hours Linkdin will convert your LinkedIn profile to an NFT. This mean's if you have a crypto wallet we will send it to the wallet. If you don't we will send you an email with your wallet credentials, and a link to your brand new NFT.</p>
                            </div>
                            <div class="process__item">
                                <h4>You can share your new NFT on LinkedIn</h4>
                                <p>It's as simple as you changing your display picture on LinkedIn to show your new display picture is an NFT.</p>
                            </div>
                        </div>
                    </div>
                </div>
            </div>
        </section>
        <footer class="footer-7 text-center-xs">
            <div class="container">
                <div class="row">
                    <div class="col-sm-6"> <span class="type--fine-print">© <span class="update-year">2022 LinkdNFT</span>— All Rights Reserved</span>
                    </div>
                </div>
            </div>
        </footer>
    </div>
    <script src="js/jquery-3.1.1.min.js"></script>
    <script src="js/parallax.js"></script>
    <script src="js/smooth-scroll.min.js"></script>
    <script src="js/scripts.js"></script>

):
1:    <body data-smooth-scroll-offset="77">
2:        <div class="nav-container"> </div>
3:        <div class="main-container">
4:            <section class="switchable">
5:                <div class="container">
6:                    <div class="row justify-content-between align-items-center">
7:                        <div class="col-md-6 col-lg-5">
8:                            <div class="switchable__text">
9:                                <h2>Create your LinkdNFT Today!</h2> <span><br></span>
10:                                <hr class="short">
11:                                <form>
12:                                    <div class="row">
13:                                        <div class="col-12"> <input type="text" name="First Name" placeholder="Your Name"> </div>
14:                                        <div class="col-12"> <input type="email" name="Email Address" placeholder="Link to your LinkedIn Profile"> </div>
15:                                        <div class="col-12"> <input type="password" name="Password" placeholder="Email Address"> </div>
16:                                        <div class="col-12"> <input type="password" name="Password-confirm" placeholder="Profile Picture"> </div>
17:                                        <div class="col-12">
18:                                            <div class="input-checkbox"> <input type="checkbox" name="agree"> <label> </label> </div> <span>  </span> </div>
19:                                        <div class="col-12"> <button type="submit" class="btn btn--primary">Purchase</button> </div>
20:                                        <hr>
21:                                        <div class="col-12"> <span class="type--fine-print">By purchasing, you agree to the <a href="#">Terms of Service</a></span> </div>
22:                                    </div>
23:                                </form>
24:                            </div>
25:                        </div>
26:                        <div class="col-md-6 col-lg-5"> <%= image_tag "landing-5.jpg" class:"border--round box-shadow-shallow" %> </div>
27:                    </div>
28:                </div>
29:            </section>
30:            <section class="text-center space--sm">
31:                <div class="container">
32:                    <div class="row">
33:                        <div class="col-md-4">
34:                            <a href="#" class="block">
35:                                <div class="feature boxed boxed--border border--round"> <i class="socicon-linkedin icon--lg"></i> <span class="h5 color--primary"><p>Convert your LinkedIn Profile to an NFT Today!</p></span> </div>
36:                            </a>
37:                        </div>
38:                        <div class="col-md-4">
39:                            <a href="#" class="block">
40:                                <div class="feature boxed boxed--border border--round"> <i class="stack-cog icon--lg"></i> <span class="h5 color--primary"><p>We will convert your profile and create you a wallet.&nbsp;</p></span> </div>
41:                            </a>
42:                        </div>
43:                        <div class="col-md-4">
44:                            <a href="#" class="block">
45:                                <div class="feature boxed boxed--border border--round"> <i class="icon--lg icon-Checked-User"></i> <span class="h5 color--primary"><p>Own your LinkedIn Identity today!&nbsp;</p></span> </div>
46:                            </a>
47:                        </div>
48:                    </div>
49:                </div>
50:            </section>
51:            <section class="switchable">
52:                <div class="container">
53:                    <div class="row justify-content-between">
54:                        <div class="col-md-6 col-lg-5">
55:                            <div class="switchable__text">
56:                                <div class="switchable__text">
57:                                    <h2>Get your own personalised NFT Today!</h2>
58:                                    <p class="lead">You can get your LinkedIn profile picture converted into an NFT. We will put a hold on the $30 as a pre-auth and once we have generated your NFT we will then request the funds.&nbsp;</p>
59:                                </div>
60:                            </div>
61:                        </div>
62:                        <div class="col-md-6 col-lg-4 col-12">
63:                            <div class="pricing pricing-1 boxed boxed--border boxed--lg text-center">
64:                                <h4>Turn your LinkedIn Profile to an NFT</h4> <span class="h1"><span class="pricing__dollar">$30 AUD</span></span>
65:                                <p> This will allow you to convert your current linked into profile into an NFT.&nbsp;</p> <span class="label">Value</span>
66:                                <a class="btn btn--primary" href="#purchase-template"> <span class="btn__text">
67:                            Purchase Now
68:                        </span> </a>
69:                            </div>
70:                        </div>
71:                    </div>
72:                </div>
73:            </section>
74:            <section>
75:                <div class="container">
76:                    <div class="row justify-content-center">
77:                        <div class="col-lg-8">
78:                            <div class="process-1">
79:                                <div class="process__item">
80:                                    <h4>Submit LInkedIn Details</h4>
81:                                    <p>To get started you will need to provide the details to your LinkedIn profile and make payment.&nbsp;</p>
82:                                </div>
83:                                <div class="process__item">
84:                                    <h4>With 24 hours</h4>
85:                                    <p> Within 24 hours Linkdin will convert your LinkedIn profile to an NFT. This mean's if you have a crypto wallet we will send it to the wallet. If you don't we will send you an email with your wallet credentials, and a link to your brand new NFT.</p>
86:                                </div>
87:                                <div class="process__item">
88:                                    <h4>You can share your new NFT on LinkedIn</h4>
89:                                    <p>It's as simple as you changing your display picture on LinkedIn to show your new display picture is an NFT.</p>
90:                                </div>
91:                            </div>
92:                        </div>
93:                    </div>
94:                </div>
95:            </section>
96:            <footer class="footer-7 text-center-xs">
97:                <div class="container">
98:                    <div class="row">
99:                        <div class="col-sm-6"> <span class="type--fine-print">© <span class="update-year">2022 LinkdNFT</span>— All Rights Reserved</span>
100:                        </div>
101:                    </div>
102:                </div>
103:            </footer>
104:        </div>
105:        <script src="js/jquery-3.1.1.min.js"></script>
106:        <script src="js/parallax.js"></script>
107:        <script src="js/smooth-scroll.min.js"></script>
108:        <script src="js/scripts.js"></script>
  
app/views/indices/index.html.erb:26: syntax error, unexpected `class', expecting ')'
app/views/indices/index.html.erb:26: syntax error, unexpected ')', expecting '.' or &. or :: or '['
app/views/indices/index.html.erb:111: syntax error, unexpected `end', expecting ')'
app/views/indices/index.html.erb:26: syntax error, unexpected `class', expecting ')'
app/views/indices/index.html.erb:26: syntax error, unexpected ')', expecting '.' or &. or :: or '['
app/views/indices/index.html.erb:111: syntax error, unexpected `end', expecting ')'
app/views/indices/index.html.erb:26: syntax error, unexpected `class', expecting ')'
app/views/indices/index.html.erb:26: syntax error, unexpected ')', expecting '.' or &. or :: or '['
app/views/indices/index.html.erb:111: syntax error, unexpected `end', expecting ')'
app/views/indices/index.html.erb:26: syntax error, unexpected `class', expecting ')'
app/views/indices/index.html.erb:26: syntax error, unexpected ')', expecting '.' or &. or :: or '['
app/views/indices/index.html.erb:111: syntax error, unexpected `end', expecting ')'
app/views/indices/index.html.erb:26: syntax error, unexpected `class', expecting ')'
app/views/indices/index.html.erb:26: syntax error, unexpected ')', expecting '.' or &. or :: or '['
app/views/indices/index.html.erb:111: syntax error, unexpected `end', expecting ')'
app/views/indices/index.html.erb:26: syntax error, unexpected `class', expecting ')'
app/views/indices/index.html.erb:26: syntax error, unexpected ')', expecting '.' or &. or :: or '['
app/views/indices/index.html.erb:111: syntax error, unexpected `end', expecting ')'
Started GET "/indices" for ::1 at 2022-02-15 17:59:16 +1100
Processing by IndicesController#index as HTML
  Rendering layout layouts/application.html.erb
  Rendering indices/index.html.erb within layouts/application
  Rendered indices/index.html.erb within layouts/application (Duration: 3.1ms | Allocations: 1219)
  Rendered layout layouts/application.html.erb (Duration: 23.7ms | Allocations: 11742)
Completed 200 OK in 30ms (Views: 28.2ms | ActiveRecord: 0.0ms | Allocations: 12957)


Started GET "/js/jquery-3.1.1.min.js" for ::1 at 2022-02-15 17:59:16 +1100
Started GET "/js/parallax.js" for ::1 at 2022-02-15 17:59:16 +1100
  
ActionController::RoutingError (No route matches [GET] "/js/jquery-3.1.1.min.js"):
  
Started GET "/js/smooth-scroll.min.js" for ::1 at 2022-02-15 17:59:16 +1100
  
ActionController::RoutingError (No route matches [GET] "/js/parallax.js"):
  
Started GET "/js/scripts.js" for ::1 at 2022-02-15 17:59:16 +1100
  
ActionController::RoutingError (No route matches [GET] "/js/smooth-scroll.min.js"):
  
Started GET "/fonts/socicon.ttf?a93r5t" for ::1 at 2022-02-15 17:59:16 +1100
  
ActionController::RoutingError (No route matches [GET] "/js/scripts.js"):
  
Started GET "/fonts/iconsmind.woff" for ::1 at 2022-02-15 17:59:16 +1100
  
ActionController::RoutingError (No route matches [GET] "/fonts/socicon.ttf"):
  
  
ActionController::RoutingError (No route matches [GET] "/fonts/iconsmind.woff"):
  
Started GET "/fonts/socicon.woff?a93r5t" for ::1 at 2022-02-15 17:59:16 +1100
  
ActionController::RoutingError (No route matches [GET] "/fonts/socicon.woff"):
  
Started GET "/fonts/iconsmind.ttf" for ::1 at 2022-02-15 17:59:16 +1100
  
ActionController::RoutingError (No route matches [GET] "/fonts/iconsmind.ttf"):
  
Started GET "/fonts/stack-interface.woff2?33839631" for ::1 at 2022-02-15 17:59:16 +1100
  
ActionController::RoutingError (No route matches [GET] "/fonts/stack-interface.woff2"):
  
Started GET "/fonts/stack-interface.woff?33839631" for ::1 at 2022-02-15 17:59:16 +1100
  
ActionController::RoutingError (No route matches [GET] "/fonts/stack-interface.woff"):
  
Started GET "/fonts/stack-interface.ttf?33839631" for ::1 at 2022-02-15 17:59:16 +1100
  
ActionController::RoutingError (No route matches [GET] "/fonts/stack-interface.ttf"):
  
Started GET "/indices" for ::1 at 2022-02-15 18:00:17 +1100
Processing by IndicesController#index as HTML
  Rendering layout layouts/application.html.erb
  Rendering indices/index.html.erb within layouts/application
  Rendered indices/index.html.erb within layouts/application (Duration: 4.6ms | Allocations: 1216)
  Rendered layout layouts/application.html.erb (Duration: 20.4ms | Allocations: 11718)
Completed 200 OK in 26ms (Views: 23.9ms | ActiveRecord: 0.0ms | Allocations: 12924)


Started GET "/js/parallax.js" for ::1 at 2022-02-15 18:00:17 +1100
Started GET "/js/jquery-3.1.1.min.js" for ::1 at 2022-02-15 18:00:17 +1100
  
ActionController::RoutingError (No route matches [GET] "/js/parallax.js"):
  
Started GET "/js/smooth-scroll.min.js" for ::1 at 2022-02-15 18:00:17 +1100
Started GET "/js/scripts.js" for ::1 at 2022-02-15 18:00:17 +1100
  
ActionController::RoutingError (No route matches [GET] "/js/jquery-3.1.1.min.js"):
  
  
ActionController::RoutingError (No route matches [GET] "/js/smooth-scroll.min.js"):
  
  
ActionController::RoutingError (No route matches [GET] "/js/scripts.js"):
  
Started GET "/fonts/socicon.ttf?a93r5t" for ::1 at 2022-02-15 18:00:17 +1100
  
ActionController::RoutingError (No route matches [GET] "/fonts/socicon.ttf"):
  
Started GET "/fonts/stack-interface.woff2?33839631" for ::1 at 2022-02-15 18:00:17 +1100
  
ActionController::RoutingError (No route matches [GET] "/fonts/stack-interface.woff2"):
  
Started GET "/fonts/socicon.woff?a93r5t" for ::1 at 2022-02-15 18:00:17 +1100
  
ActionController::RoutingError (No route matches [GET] "/fonts/socicon.woff"):
  
Started GET "/fonts/stack-interface.woff?33839631" for ::1 at 2022-02-15 18:00:17 +1100
  
ActionController::RoutingError (No route matches [GET] "/fonts/stack-interface.woff"):
  
Started GET "/fonts/stack-interface.ttf?33839631" for ::1 at 2022-02-15 18:00:17 +1100
  
ActionController::RoutingError (No route matches [GET] "/fonts/stack-interface.ttf"):
  
Started GET "/fonts/iconsmind.woff" for ::1 at 2022-02-15 18:00:17 +1100
  
ActionController::RoutingError (No route matches [GET] "/fonts/iconsmind.woff"):
  
Started GET "/fonts/iconsmind.ttf" for ::1 at 2022-02-15 18:00:17 +1100
  
ActionController::RoutingError (No route matches [GET] "/fonts/iconsmind.ttf"):
  
